十月 21, 2022 3:59:11 下午 csp20160903.Main main
信息: 先手回合开始
十月 21, 2022 3:59:11 下午 csp20160903.Main main
信息: 召唤随从：先手召唤随从 pos = 1, ack = 3, hp = 6
十月 21, 2022 3:59:11 下午 csp20160903.Main main
信息: 召唤随从：先手召唤随从 pos = 2, ack = 4, hp = 2
十月 21, 2022 3:59:11 下午 csp20160903.Main main
信息: 先手回合结束
十月 21, 2022 3:59:11 下午 csp20160903.Main main
信息: 后手回合开始
十月 21, 2022 3:59:11 下午 csp20160903.Main main
信息: 召唤随从：后手召唤随从 pos = 1, ack = 4, hp = 5
十月 21, 2022 3:59:11 下午 csp20160903.Main main
信息: 召唤随从：后手召唤随从 pos = 1, ack = 2, hp = 1
十月 21, 2022 3:59:11 下午 csp20160903.Main main
信息: 攻击：后手随从1攻击先手2
十月 21, 2022 3:59:11 下午 csp20160903.Main main
信息: 后手回合结束
十月 21, 2022 3:59:11 下午 csp20160903.Main main
信息: 先手回合开始
十月 21, 2022 3:59:12 下午 csp20160903.Main main
信息: 攻击：先手随从1攻击后手1
